<?xml version="1.0" encoding="UTF-8"?>
<testsuite xmlns:xsi="http://www.w3.org/2001/XMLSchema-instance" xsi:noNamespaceSchemaLocation="https://maven.apache.org/surefire/maven-surefire-plugin/xsd/surefire-test-report.xsd" name="common.TestRunner" time="185.169" tests="12" errors="0" skipped="0" failures="6">
  <properties>
[...]
</properties>
  <testcase name="Chrome - W3 Bad Page - Links Test" classname="Chrome Automation Tests" time="18.645">
    <failure message="&#10;The following assertion failed:&#10;1) Redirected link returns status code: 404 &gt; https://www.w3.org/standards/badpage#w3c_content_body expected:&lt;[fals]e&gt; but was:&lt;[tru]e&gt;&#10;" type="org.assertj.core.api.SoftAssertionError"><![CDATA[org.assertj.core.api.SoftAssertionError: 

The following assertion failed:
1) Redirected link returns status code: 404 > https://www.w3.org/standards/badpage#w3c_content_body expected:<[fals]e> but was:<[tru]e>

]]></failure>
    <system-out><![CDATA[
@smoke @chrome @links
Scenario: Chrome - W3 Bad Page - Links Test                             # src/test/resources/features/chrome.feature:5
  Given the user opens "chrome" browser and navigates to the "bad" page # steps.CommonStepDefs.theUserOpensBrowserAndNavigatesToThePage(java.lang.String,java.lang.String)
  Then the page response code should be 404                             # steps.CommonStepDefs.thePageResponseCodeShouldBe(int)
  And all links on the page should redirect to a valid page             # steps.CommonStepDefs.allLinksOnThePageShouldRedirectToAValidPage()
      org.assertj.core.api.SoftAssertionError: 
The following assertion failed:
1) Redirected link returns status code: 404 > https://www.w3.org/standards/badpage#w3c_content_body expected:<[fals]e> but was:<[tru]e>

	at org.assertj.core.error.AssertionErrorCreator.multipleSoftAssertionsError(AssertionErrorCreator.java:100)
	at org.assertj.core.api.AbstractSoftAssertions.assertAll(AbstractSoftAssertions.java:37)
	at org.assertj.core.api.AbstractSoftAssertions.assertAll(AbstractSoftAssertions.java:42)
	at steps.CommonStepDefs.allLinksOnThePageShouldRedirectToAValidPage(CommonStepDefs.java:107)
	at ✽.all links on the page should redirect to a valid page(file:///Users/mike/IdeaProjects/automation-test/src/test/resources/features/chrome.feature:8)

]]></system-out>
    <system-err><![CDATA[Starting ChromeDriver 96.0.4664.45 (76e4c1bb2ab4671b8beba3444e61c0f17584b2fc-refs/branch-heads/4664@{#947}) on port 41794
Only local connections are allowed.
Please see https://chromedriver.chromium.org/security-considerations for suggestions on keeping ChromeDriver safe.
ChromeDriver was started successfully.
Dec 29, 2021 12:12:04 AM org.openqa.selenium.remote.ProtocolHandshake createSession
INFO: Detected dialect: W3C
[main] INFO pages.Page - sanitized page name > bad
[main] INFO pages.Page - https://www.w3.org/standards/badpage
[main] INFO steps.CommonStepDefs - page status/response code: 404
[main] INFO steps.CommonStepDefs - retrieved page link size: 32
[main] INFO steps.CommonStepDefs - 200 | https://www.w3.org/
[main] INFO steps.CommonStepDefs - 200 | https://www.w3.org/standards/
[main] INFO steps.CommonStepDefs - 200 | https://www.w3.org/participate/
[main] INFO steps.CommonStepDefs - 200 | https://www.w3.org/Consortium/membership
[main] INFO steps.CommonStepDefs - 200 | https://www.w3.org/Consortium/
[main] INFO steps.CommonStepDefs - 200 | https://www.w3.org/Help/
[main] INFO steps.CommonStepDefs - 200 | https://www.w3.org/Help/Webmaster.html
[main] INFO steps.CommonStepDefs - 200 | https://www.w3.org/Consortium/siteindex.html
[main] INFO steps.CommonStepDefs - 200 | https://www.w3.org/Help/Account/
[main] INFO steps.CommonStepDefs - 404 | https://www.w3.org/standards/badpage#w3c_content_body
[main] INFO steps.CommonStepDefs - 200 | https://www.w3.org/
[main] INFO steps.CommonStepDefs - 200 | https://www.w3.org/Consortium/
[main] INFO steps.CommonStepDefs - 200 | https://www.w3.org/Help/
[main] INFO steps.CommonStepDefs - 200 | https://www.w3.org/
[main] INFO steps.CommonStepDefs - 200 | https://www.w3.org/Consortium/siteindex.html
[main] INFO steps.CommonStepDefs - 200 | https://www.w3.org/Help/Webmaster
[main] INFO steps.CommonStepDefs - 200 | https://www.w3.org/
[main] INFO steps.CommonStepDefs - 200 | https://www.w3.org/standards/
[main] INFO steps.CommonStepDefs - 200 | https://www.w3.org/participate/
[main] INFO steps.CommonStepDefs - 200 | https://www.w3.org/Consortium/membership
[main] INFO steps.CommonStepDefs - 200 | https://www.w3.org/Consortium/
[main] INFO steps.CommonStepDefs - 200 | https://www.w3.org/Consortium/contact
[main] INFO steps.CommonStepDefs - 200 | https://www.w3.org/Help/
[main] INFO steps.CommonStepDefs - 200 | https://www.w3.org/Consortium/sponsor/
[main] INFO steps.CommonStepDefs - 200 | https://www.w3.org/Consortium/siteindex
[main] INFO steps.CommonStepDefs - 200 | https://lists.w3.org/Archives/Public/site-comments/
[main] INFO steps.CommonStepDefs - 200 | https://twitter.com/W3C
[main] INFO steps.CommonStepDefs - 200 | https://www.csail.mit.edu/
[main] INFO steps.CommonStepDefs - 200 | https://www.ercim.eu/
[main] INFO steps.CommonStepDefs - 200 | https://www.keio.ac.jp/
[main] INFO steps.CommonStepDefs - 200 | https://ev.buaa.edu.cn/
[main] INFO steps.CommonStepDefs - 200 | https://www.w3.org/Consortium/Legal/ipr-notice
]]></system-err>
  </testcase>
  <testcase name="Chrome - W3 Multi-Modal Page - Links Test" classname="Chrome Automation Tests" time="21.686"/>
  <testcase name="Chrome - W3 HTML/CSS Page - Links Test" classname="Chrome Automation Tests" time="25.084"/>
  <testcase name="Chrome - W3 Bad Page - Console Logs Test" classname="Chrome Automation Tests" time="5.708">
    <failure message="Console log Level.SEVERE detected: [2021-12-29T00:13:08-0800] [SEVERE] https://www.w3.org/standards/badpage - Failed to load resource: the server responded with a status of 404 (). Actual: SEVERE" type="java.lang.AssertionError">java.lang.AssertionError: Console log Level.SEVERE detected: [2021-12-29T00:13:08-0800] [SEVERE] https://www.w3.org/standards/badpage - Failed to load resource: the server responded with a status of 404 (). Actual: SEVERE
</failure>
    <system-out><![CDATA[
@smoke @chrome @logs
Scenario: Chrome - W3 Bad Page - Console Logs Test                      # src/test/resources/features/chrome.feature:23
  Given the user opens "chrome" browser and navigates to the "bad" page # steps.CommonStepDefs.theUserOpensBrowserAndNavigatesToThePage(java.lang.String,java.lang.String)
  Then the page response code should be 404                             # steps.CommonStepDefs.thePageResponseCodeShouldBe(int)
SEVERE | https://www.w3.org/standards/badpage - Failed to load resource: the server responded with a status of 404 ()
  And the console log should have no errors after page load             # steps.CommonStepDefs.theConsoleLogShouldHaveNoErrorsAfterPageLoad()
      java.lang.AssertionError: Console log Level.SEVERE detected: [2021-12-29T00:13:08-0800] [SEVERE] https://www.w3.org/standards/badpage - Failed to load resource: the server responded with a status of 404 (). Actual: SEVERE
	at org.junit.Assert.fail(Assert.java:89)
	at org.junit.Assert.failEquals(Assert.java:187)
	at org.junit.Assert.assertNotEquals(Assert.java:163)
	at steps.CommonStepDefs.theConsoleLogShouldHaveNoErrorsAfterPageLoad(CommonStepDefs.java:71)
	at ✽.the console log should have no errors after page load(file:///Users/mike/IdeaProjects/automation-test/src/test/resources/features/chrome.feature:26)

]]></system-out>
    <system-err><![CDATA[Starting ChromeDriver 96.0.4664.45 (76e4c1bb2ab4671b8beba3444e61c0f17584b2fc-refs/branch-heads/4664@{#947}) on port 39773
Only local connections are allowed.
Please see https://chromedriver.chromium.org/security-considerations for suggestions on keeping ChromeDriver safe.
ChromeDriver was started successfully.
Dec 29, 2021 12:13:08 AM org.openqa.selenium.remote.ProtocolHandshake createSession
INFO: Detected dialect: W3C
[main] INFO pages.Page - sanitized page name > bad
[main] INFO pages.Page - https://www.w3.org/standards/badpage
[main] INFO steps.CommonStepDefs - page status/response code: 404
[main] INFO steps.CommonStepDefs - retrieved console log size: 1
]]></system-err>
  </testcase>
  <testcase name="Chrome - W3 Multi-Modal Page - Console Logs Test" classname="Chrome Automation Tests" time="5.588"/>
  <testcase name="Chrome - W3 HTML/CSS Page - Console Logs Test" classname="Chrome Automation Tests" time="5.751"/>
  <testcase name="Firefox - W3 Bad Page - Links Test" classname="Firefox Automation Tests" time="16.175">
    <failure message="&#10;The following assertion failed:&#10;1) Redirected link returns status code: 404 &gt; https://www.w3.org/standards/badpage#w3c_content_body expected:&lt;[fals]e&gt; but was:&lt;[tru]e&gt;&#10;" type="org.assertj.core.api.SoftAssertionError"><![CDATA[org.assertj.core.api.SoftAssertionError: 

The following assertion failed:
1) Redirected link returns status code: 404 > https://www.w3.org/standards/badpage#w3c_content_body expected:<[fals]e> but was:<[tru]e>

]]></failure>
    <system-out><![CDATA[
@smoke @firefox @links
Scenario: Firefox - W3 Bad Page - Links Test                             # src/test/resources/features/firefox.feature:5
  Given the user opens "firefox" browser and navigates to the "bad" page # steps.CommonStepDefs.theUserOpensBrowserAndNavigatesToThePage(java.lang.String,java.lang.String)
  Then the page response code should be 404                              # steps.CommonStepDefs.thePageResponseCodeShouldBe(int)
  And all links on the page should redirect to a valid page              # steps.CommonStepDefs.allLinksOnThePageShouldRedirectToAValidPage()
      org.assertj.core.api.SoftAssertionError: 
The following assertion failed:
1) Redirected link returns status code: 404 > https://www.w3.org/standards/badpage#w3c_content_body expected:<[fals]e> but was:<[tru]e>

	at org.assertj.core.error.AssertionErrorCreator.multipleSoftAssertionsError(AssertionErrorCreator.java:100)
	at org.assertj.core.api.AbstractSoftAssertions.assertAll(AbstractSoftAssertions.java:37)
	at org.assertj.core.api.AbstractSoftAssertions.assertAll(AbstractSoftAssertions.java:42)
	at steps.CommonStepDefs.allLinksOnThePageShouldRedirectToAValidPage(CommonStepDefs.java:107)
	at ✽.all links on the page should redirect to a valid page(file:///Users/mike/IdeaProjects/automation-test/src/test/resources/features/firefox.feature:8)

]]></system-out>
    <system-err><![CDATA[1640765603724	geckodriver	INFO	Listening on 127.0.0.1:12253
console.warn: SearchSettings: "get: No settings file exists, new profile?" (new NotFoundError("Could not open the file at /var/folders/wg/66zhpk6x399f4pzpl64t7g6c0000gn/T/rust_mozprofile83hQ2q/search.json.mozlz4", (void 0)))
console.error: BackgroundUpdate: 
  _reasonsToNotScheduleUpdates: Failed to check for Maintenance Service Registry Key: [Exception... "Component returned failure code: 0x80004001 (NS_ERROR_NOT_IMPLEMENTED) [nsIUpdateProcessor.getServiceRegKeyExists]"  nsresult: "0x80004001 (NS_ERROR_NOT_IMPLEMENTED)"  location: "JS frame :: resource://gre/modules/BackgroundUpdate.jsm :: _reasonsToNotScheduleUpdates :: line 243"  data: no]
Dec 29, 2021 12:13:27 AM org.openqa.selenium.remote.ProtocolHandshake createSession
INFO: Detected dialect: W3C
[main] INFO pages.Page - sanitized page name > bad
[main] INFO pages.Page - https://www.w3.org/standards/badpage
[main] INFO steps.CommonStepDefs - page status/response code: 404
[main] INFO steps.CommonStepDefs - retrieved page link size: 32
[main] INFO steps.CommonStepDefs - 200 | https://www.w3.org/
[main] INFO steps.CommonStepDefs - 200 | https://www.w3.org/standards/
[main] INFO steps.CommonStepDefs - 200 | https://www.w3.org/participate/
[main] INFO steps.CommonStepDefs - 200 | https://www.w3.org/Consortium/membership
[main] INFO steps.CommonStepDefs - 200 | https://www.w3.org/Consortium/
[main] INFO steps.CommonStepDefs - 200 | https://www.w3.org/Help/
[main] INFO steps.CommonStepDefs - 200 | https://www.w3.org/Help/Webmaster.html
[main] INFO steps.CommonStepDefs - 200 | https://www.w3.org/Consortium/siteindex.html
[main] INFO steps.CommonStepDefs - 200 | https://www.w3.org/Help/Account/
[main] INFO steps.CommonStepDefs - 404 | https://www.w3.org/standards/badpage#w3c_content_body
[main] INFO steps.CommonStepDefs - 200 | https://www.w3.org/
[main] INFO steps.CommonStepDefs - 200 | https://www.w3.org/Consortium/
[main] INFO steps.CommonStepDefs - 200 | https://www.w3.org/Help/
[main] INFO steps.CommonStepDefs - 200 | https://www.w3.org/
[main] INFO steps.CommonStepDefs - 200 | https://www.w3.org/Consortium/siteindex.html
[main] INFO steps.CommonStepDefs - 200 | https://www.w3.org/Help/Webmaster
[main] INFO steps.CommonStepDefs - 200 | https://www.w3.org/
[main] INFO steps.CommonStepDefs - 200 | https://www.w3.org/standards/
[main] INFO steps.CommonStepDefs - 200 | https://www.w3.org/participate/
[main] INFO steps.CommonStepDefs - 200 | https://www.w3.org/Consortium/membership
[main] INFO steps.CommonStepDefs - 200 | https://www.w3.org/Consortium/
[main] INFO steps.CommonStepDefs - 200 | https://www.w3.org/Consortium/contact
[main] INFO steps.CommonStepDefs - 200 | https://www.w3.org/Help/
[main] INFO steps.CommonStepDefs - 200 | https://www.w3.org/Consortium/sponsor/
[main] INFO steps.CommonStepDefs - 200 | https://www.w3.org/Consortium/siteindex
[main] INFO steps.CommonStepDefs - 200 | https://lists.w3.org/Archives/Public/site-comments/
[main] INFO steps.CommonStepDefs - 200 | https://twitter.com/W3C
[main] INFO steps.CommonStepDefs - 200 | https://www.csail.mit.edu/
[main] INFO steps.CommonStepDefs - 200 | https://www.ercim.eu/
[main] INFO steps.CommonStepDefs - 200 | https://www.keio.ac.jp/
[main] INFO steps.CommonStepDefs - 200 | https://ev.buaa.edu.cn/
[main] INFO steps.CommonStepDefs - 200 | https://www.w3.org/Consortium/Legal/ipr-notice

###!!! [Parent][RunMessage] Error: Channel closing: too late to send/recv, messages will be lost

]]></system-err>
  </testcase>
  <testcase name="Firefox - W3 Multi-Modal Page - Links Test" classname="Firefox Automation Tests" time="16.453"/>
  <testcase name="Firefox - W3 HTML/CSS Page - Links Test" classname="Firefox Automation Tests" time="44.744"/>
  <testcase name="Firefox - W3 Bad Page - Console Logs Test" classname="Firefox Automation Tests" time="8.24">
    <failure message="Unable to determine type from: H. Last 1 characters read: H&#10;Build info: version: &apos;3.141.59&apos;, revision: &apos;e82be7d358&apos;, time: &apos;2018-11-14T08:17:03&apos;&#10;System info: host: &apos;mikes-MBP.attlocal.net&apos;, ip: &apos;192.168.1.82&apos;, os.name: &apos;Mac OS X&apos;, os.arch: &apos;x86_64&apos;, os.version: &apos;10.15.7&apos;, java.version: &apos;17.0.1&apos;&#10;Driver info: driver.version: RemoteWebDriver" type="java.lang.AssertionError">java.lang.AssertionError: 
Unable to determine type from: H. Last 1 characters read: H
Build info: version: '3.141.59', revision: 'e82be7d358', time: '2018-11-14T08:17:03'
System info: host: 'mikes-MBP.attlocal.net', ip: '192.168.1.82', os.name: 'Mac OS X', os.arch: 'x86_64', os.version: '10.15.7', java.version: '17.0.1'
Driver info: driver.version: RemoteWebDriver
</failure>
    <system-out><![CDATA[
@smoke @firefox @logs
Scenario: Firefox - W3 Bad Page - Console Logs Test                      # src/test/resources/features/firefox.feature:24
  Given the user opens "firefox" browser and navigates to the "bad" page # steps.CommonStepDefs.theUserOpensBrowserAndNavigatesToThePage(java.lang.String,java.lang.String)
  Then the page response code should be 404                              # steps.CommonStepDefs.thePageResponseCodeShouldBe(int)
  And the console log should have no errors after page load              # steps.CommonStepDefs.theConsoleLogShouldHaveNoErrorsAfterPageLoad()
      java.lang.AssertionError: Unable to determine type from: H. Last 1 characters read: H
Build info: version: '3.141.59', revision: 'e82be7d358', time: '2018-11-14T08:17:03'
System info: host: 'mikes-MBP.attlocal.net', ip: '192.168.1.82', os.name: 'Mac OS X', os.arch: 'x86_64', os.version: '10.15.7', java.version: '17.0.1'
Driver info: driver.version: RemoteWebDriver
	at org.junit.Assert.fail(Assert.java:89)
	at steps.CommonStepDefs.theConsoleLogShouldHaveNoErrorsAfterPageLoad(CommonStepDefs.java:79)
	at ✽.the console log should have no errors after page load(file:///Users/mike/IdeaProjects/automation-test/src/test/resources/features/firefox.feature:27)

]]></system-out>
    <system-err><![CDATA[1640765681078	geckodriver	INFO	Listening on 127.0.0.1:42587
console.warn: SearchSettings: "get: No settings file exists, new profile?" (new NotFoundError("Could not open the file at /var/folders/wg/66zhpk6x399f4pzpl64t7g6c0000gn/T/rust_mozprofileuvww5a/search.json.mozlz4", (void 0)))
console.error: BackgroundUpdate: 
  _reasonsToNotScheduleUpdates: Failed to check for Maintenance Service Registry Key: [Exception... "Component returned failure code: 0x80004001 (NS_ERROR_NOT_IMPLEMENTED) [nsIUpdateProcessor.getServiceRegKeyExists]"  nsresult: "0x80004001 (NS_ERROR_NOT_IMPLEMENTED)"  location: "JS frame :: resource://gre/modules/BackgroundUpdate.jsm :: _reasonsToNotScheduleUpdates :: line 243"  data: no]
Dec 29, 2021 12:14:44 AM org.openqa.selenium.remote.ProtocolHandshake createSession
INFO: Detected dialect: W3C
[main] INFO pages.Page - sanitized page name > bad
[main] INFO pages.Page - https://www.w3.org/standards/badpage
[main] INFO steps.CommonStepDefs - page status/response code: 404
[main] INFO steps.CommonStepDefs - browser type: firefox
[main] INFO steps.CommonStepDefs - Unable to determine type from: H. Last 1 characters read: H
Build info: version: '3.141.59', revision: 'e82be7d358', time: '2018-11-14T08:17:03'
System info: host: 'mikes-MBP.attlocal.net', ip: '192.168.1.82', os.name: 'Mac OS X', os.arch: 'x86_64', os.version: '10.15.7', java.version: '17.0.1'
Driver info: driver.version: RemoteWebDriver

###!!! [Parent][RunMessage] Error: Channel closing: too late to send/recv, messages will be lost

]]></system-err>
  </testcase>
  <testcase name="Firefox - W3 Multi-Modal Page - Console Logs Test" classname="Firefox Automation Tests" time="8.094">
    <failure message="Unable to determine type from: H. Last 1 characters read: H&#10;Build info: version: &apos;3.141.59&apos;, revision: &apos;e82be7d358&apos;, time: &apos;2018-11-14T08:17:03&apos;&#10;System info: host: &apos;mikes-MBP.attlocal.net&apos;, ip: &apos;192.168.1.82&apos;, os.name: &apos;Mac OS X&apos;, os.arch: &apos;x86_64&apos;, os.version: &apos;10.15.7&apos;, java.version: &apos;17.0.1&apos;&#10;Driver info: driver.version: RemoteWebDriver" type="java.lang.AssertionError">java.lang.AssertionError: 
Unable to determine type from: H. Last 1 characters read: H
Build info: version: '3.141.59', revision: 'e82be7d358', time: '2018-11-14T08:17:03'
System info: host: 'mikes-MBP.attlocal.net', ip: '192.168.1.82', os.name: 'Mac OS X', os.arch: 'x86_64', os.version: '10.15.7', java.version: '17.0.1'
Driver info: driver.version: RemoteWebDriver
</failure>
    <system-out><![CDATA[
@smoke @firefox @logs
Scenario: Firefox - W3 Multi-Modal Page - Console Logs Test                      # src/test/resources/features/firefox.feature:30
  Given the user opens "firefox" browser and navigates to the "multi-modal" page # steps.CommonStepDefs.theUserOpensBrowserAndNavigatesToThePage(java.lang.String,java.lang.String)
  Then the page response code should be 200                                      # steps.CommonStepDefs.thePageResponseCodeShouldBe(int)
  And the console log should have no errors after page load                      # steps.CommonStepDefs.theConsoleLogShouldHaveNoErrorsAfterPageLoad()
      java.lang.AssertionError: Unable to determine type from: H. Last 1 characters read: H
Build info: version: '3.141.59', revision: 'e82be7d358', time: '2018-11-14T08:17:03'
System info: host: 'mikes-MBP.attlocal.net', ip: '192.168.1.82', os.name: 'Mac OS X', os.arch: 'x86_64', os.version: '10.15.7', java.version: '17.0.1'
Driver info: driver.version: RemoteWebDriver
	at org.junit.Assert.fail(Assert.java:89)
	at steps.CommonStepDefs.theConsoleLogShouldHaveNoErrorsAfterPageLoad(CommonStepDefs.java:79)
	at ✽.the console log should have no errors after page load(file:///Users/mike/IdeaProjects/automation-test/src/test/resources/features/firefox.feature:33)

]]></system-out>
    <system-err><![CDATA[1640765689309	geckodriver	INFO	Listening on 127.0.0.1:16139
console.warn: SearchSettings: "get: No settings file exists, new profile?" (new NotFoundError("Could not open the file at /var/folders/wg/66zhpk6x399f4pzpl64t7g6c0000gn/T/rust_mozprofileLn0xIa/search.json.mozlz4", (void 0)))
console.error: BackgroundUpdate: 
  _reasonsToNotScheduleUpdates: Failed to check for Maintenance Service Registry Key: [Exception... "Component returned failure code: 0x80004001 (NS_ERROR_NOT_IMPLEMENTED) [nsIUpdateProcessor.getServiceRegKeyExists]"  nsresult: "0x80004001 (NS_ERROR_NOT_IMPLEMENTED)"  location: "JS frame :: resource://gre/modules/BackgroundUpdate.jsm :: _reasonsToNotScheduleUpdates :: line 243"  data: no]
Dec 29, 2021 12:14:52 AM org.openqa.selenium.remote.ProtocolHandshake createSession
INFO: Detected dialect: W3C
[main] INFO pages.Page - sanitized page name > multimodal
[main] INFO pages.Page - https://www.w3.org/standards/webofdevices/multimodal
[main] INFO steps.CommonStepDefs - page status/response code: 200
[main] INFO steps.CommonStepDefs - browser type: firefox
[main] INFO steps.CommonStepDefs - Unable to determine type from: H. Last 1 characters read: H
Build info: version: '3.141.59', revision: 'e82be7d358', time: '2018-11-14T08:17:03'
System info: host: 'mikes-MBP.attlocal.net', ip: '192.168.1.82', os.name: 'Mac OS X', os.arch: 'x86_64', os.version: '10.15.7', java.version: '17.0.1'
Driver info: driver.version: RemoteWebDriver

###!!! [Parent][RunMessage] Error: Channel closing: too late to send/recv, messages will be lost

]]></system-err>
  </testcase>
  <testcase name="Firefox - W3 HTML/CSS Page - Console Logs Test" classname="Firefox Automation Tests" time="7.983">
    <failure message="Unable to determine type from: H. Last 1 characters read: H&#10;Build info: version: &apos;3.141.59&apos;, revision: &apos;e82be7d358&apos;, time: &apos;2018-11-14T08:17:03&apos;&#10;System info: host: &apos;mikes-MBP.attlocal.net&apos;, ip: &apos;192.168.1.82&apos;, os.name: &apos;Mac OS X&apos;, os.arch: &apos;x86_64&apos;, os.version: &apos;10.15.7&apos;, java.version: &apos;17.0.1&apos;&#10;Driver info: driver.version: RemoteWebDriver" type="java.lang.AssertionError">java.lang.AssertionError: 
Unable to determine type from: H. Last 1 characters read: H
Build info: version: '3.141.59', revision: 'e82be7d358', time: '2018-11-14T08:17:03'
System info: host: 'mikes-MBP.attlocal.net', ip: '192.168.1.82', os.name: 'Mac OS X', os.arch: 'x86_64', os.version: '10.15.7', java.version: '17.0.1'
Driver info: driver.version: RemoteWebDriver
</failure>
    <system-out><![CDATA[
@smoke @firefox @logs
Scenario: Firefox - W3 HTML/CSS Page - Console Logs Test                      # src/test/resources/features/firefox.feature:36
  Given the user opens "firefox" browser and navigates to the "html css" page # steps.CommonStepDefs.theUserOpensBrowserAndNavigatesToThePage(java.lang.String,java.lang.String)
  Then the page response code should be 200                                   # steps.CommonStepDefs.thePageResponseCodeShouldBe(int)
  And the console log should have no errors after page load                   # steps.CommonStepDefs.theConsoleLogShouldHaveNoErrorsAfterPageLoad()
      java.lang.AssertionError: Unable to determine type from: H. Last 1 characters read: H
Build info: version: '3.141.59', revision: 'e82be7d358', time: '2018-11-14T08:17:03'
System info: host: 'mikes-MBP.attlocal.net', ip: '192.168.1.82', os.name: 'Mac OS X', os.arch: 'x86_64', os.version: '10.15.7', java.version: '17.0.1'
Driver info: driver.version: RemoteWebDriver
	at org.junit.Assert.fail(Assert.java:89)
	at steps.CommonStepDefs.theConsoleLogShouldHaveNoErrorsAfterPageLoad(CommonStepDefs.java:79)
	at ✽.the console log should have no errors after page load(file:///Users/mike/IdeaProjects/automation-test/src/test/resources/features/firefox.feature:39)

]]></system-out>
    <system-err><![CDATA[1640765697403	geckodriver	INFO	Listening on 127.0.0.1:47586
console.warn: SearchSettings: "get: No settings file exists, new profile?" (new NotFoundError("Could not open the file at /var/folders/wg/66zhpk6x399f4pzpl64t7g6c0000gn/T/rust_mozprofileJlLbNU/search.json.mozlz4", (void 0)))
console.error: BackgroundUpdate: 
  _reasonsToNotScheduleUpdates: Failed to check for Maintenance Service Registry Key: [Exception... "Component returned failure code: 0x80004001 (NS_ERROR_NOT_IMPLEMENTED) [nsIUpdateProcessor.getServiceRegKeyExists]"  nsresult: "0x80004001 (NS_ERROR_NOT_IMPLEMENTED)"  location: "JS frame :: resource://gre/modules/BackgroundUpdate.jsm :: _reasonsToNotScheduleUpdates :: line 243"  data: no]
Dec 29, 2021 12:15:00 AM org.openqa.selenium.remote.ProtocolHandshake createSession
INFO: Detected dialect: W3C
[main] INFO pages.Page - sanitized page name > htmlcss
[main] INFO pages.Page - https://www.w3.org/standards/webdesign/htmlcss
[main] INFO steps.CommonStepDefs - page status/response code: 200
[main] INFO steps.CommonStepDefs - browser type: firefox
[main] INFO steps.CommonStepDefs - Unable to determine type from: H. Last 1 characters read: H
Build info: version: '3.141.59', revision: 'e82be7d358', time: '2018-11-14T08:17:03'
System info: host: 'mikes-MBP.attlocal.net', ip: '192.168.1.82', os.name: 'Mac OS X', os.arch: 'x86_64', os.version: '10.15.7', java.version: '17.0.1'
Driver info: driver.version: RemoteWebDriver

###!!! [Parent][RunMessage] Error: Channel closing: too late to send/recv, messages will be lost

]]></system-err>
  </testcase>
</testsuite>